2020-02-20 09:06:34,348 [Worker-0: Loading available Gradle versions] INFO  o.e.b.c.i.u.g.PublishedGradleVersions - Gradle version information cache is up-to-date. Trying to read.
2020-02-21 12:02:14,219 [Worker-3: Loading available Gradle versions] INFO  o.e.b.c.i.u.g.PublishedGradleVersions - Gradle version information cache is not available. Remote download required.
2020-02-27 15:11:49,680 [Worker-5: Loading available Gradle versions] INFO  o.e.b.c.i.u.g.PublishedGradleVersions - Gradle version information cache is up-to-date. Trying to read.
2020-02-28 08:09:11,575 [Worker-2: Loading available Gradle versions] INFO  o.e.b.c.i.u.g.PublishedGradleVersions - Gradle version information cache is not available. Remote download required.
<<<<<<< HEAD
2020-02-28 13:34:11,796 [Worker-0: Loading available Gradle versions] INFO  o.e.b.c.i.u.g.PublishedGradleVersions - Gradle version information cache is up-to-date. Trying to read.
=======
2020-02-28 10:55:47,098 [Worker-0: Loading available Gradle versions] INFO  o.e.b.c.i.u.g.PublishedGradleVersions - Gradle version information cache is not available. Remote download required.
>>>>>>> dc71b863e2d5c1cbcb6cabe17352f33f4e83b76c
<<<<<<< HEAD
2020-02-28 14:02:58,937 [Worker-2: Loading available Gradle versions] INFO  o.e.b.c.i.u.g.PublishedGradleVersions - Gradle version information cache is not available. Remote download required.
=======
2020-02-28 14:11:40,792 [Worker-0: Loading available Gradle versions] INFO  o.e.b.c.i.u.g.PublishedGradleVersions - Gradle version information cache is not available. Remote download required.
2020-02-28 14:11:54,283 [Worker-11: Auto share git projects] WARN  org.eclipse.jgit.util.FS - C:\Program Files\Git\mingw64\etc\.probe-8b893afa-aa54-4997-9d8a-6590d03f77d5
java.nio.file.AccessDeniedException: C:\Program Files\Git\mingw64\etc\.probe-8b893afa-aa54-4997-9d8a-6590d03f77d5
	at sun.nio.fs.WindowsException.translateToIOException(Unknown Source) ~[na:1.8.0_221]
	at sun.nio.fs.WindowsException.rethrowAsIOException(Unknown Source) ~[na:1.8.0_221]
	at sun.nio.fs.WindowsException.rethrowAsIOException(Unknown Source) ~[na:1.8.0_221]
	at sun.nio.fs.WindowsFileSystemProvider.newByteChannel(Unknown Source) ~[na:1.8.0_221]
	at java.nio.file.Files.newByteChannel(Unknown Source) ~[na:1.8.0_221]
	at java.nio.file.Files.createFile(Unknown Source) ~[na:1.8.0_221]
	at org.eclipse.jgit.util.FS$FileStoreAttributeCache.<init>(FS.java:234) ~[org.eclipse.jgit_5.4.0.201906121030-r.jar:5.4.0.201906121030-r]
	at org.eclipse.jgit.util.FS$FileStoreAttributeCache.getFsTimestampResolution(FS.java:211) ~[org.eclipse.jgit_5.4.0.201906121030-r.jar:5.4.0.201906121030-r]
	at org.eclipse.jgit.util.FS.getFsTimerResolution(FS.java:321) [org.eclipse.jgit_5.4.0.201906121030-r.jar:5.4.0.201906121030-r]
	at org.eclipse.jgit.internal.storage.file.FileSnapshot.<init>(FileSnapshot.java:186) [org.eclipse.jgit_5.4.0.201906121030-r.jar:5.4.0.201906121030-r]
	at org.eclipse.jgit.internal.storage.file.FileSnapshot.save(FileSnapshot.java:122) [org.eclipse.jgit_5.4.0.201906121030-r.jar:5.4.0.201906121030-r]
	at org.eclipse.jgit.storage.file.FileBasedConfig.load(FileBasedConfig.java:156) [org.eclipse.jgit_5.4.0.201906121030-r.jar:5.4.0.201906121030-r]
	at org.eclipse.jgit.internal.storage.file.FileRepository.loadSystemConfig(FileRepository.java:245) [org.eclipse.jgit_5.4.0.201906121030-r.jar:5.4.0.201906121030-r]
	at org.eclipse.jgit.internal.storage.file.FileRepository.<init>(FileRepository.java:203) [org.eclipse.jgit_5.4.0.201906121030-r.jar:5.4.0.201906121030-r]
	at org.eclipse.jgit.storage.file.FileRepositoryBuilder.build(FileRepositoryBuilder.java:88) [org.eclipse.jgit_5.4.0.201906121030-r.jar:5.4.0.201906121030-r]
	at org.eclipse.jgit.storage.file.FileRepositoryBuilder.create(FileRepositoryBuilder.java:108) [org.eclipse.jgit_5.4.0.201906121030-r.jar:5.4.0.201906121030-r]
	at org.eclipse.egit.core.RepositoryCache.lookupRepository(RepositoryCache.java:58) [org.eclipse.egit.core_5.4.0.201906121030-r.jar:na]
	at org.eclipse.egit.core.project.GitProjectData.map(GitProjectData.java:693) [org.eclipse.egit.core_5.4.0.201906121030-r.jar:na]
	at org.eclipse.egit.core.project.GitProjectData.remapAll(GitProjectData.java:651) [org.eclipse.egit.core_5.4.0.201906121030-r.jar:na]
	at org.eclipse.egit.core.project.GitProjectData.setRepositoryMappings(GitProjectData.java:465) [org.eclipse.egit.core_5.4.0.201906121030-r.jar:na]
	at org.eclipse.egit.core.op.ConnectProviderOperation.connectProject(ConnectProviderOperation.java:153) [org.eclipse.egit.core_5.4.0.201906121030-r.jar:na]
	at org.eclipse.egit.core.op.ConnectProviderOperation.execute(ConnectProviderOperation.java:111) [org.eclipse.egit.core_5.4.0.201906121030-r.jar:na]
	at org.eclipse.egit.core.internal.job.JobUtil$1.run(JobUtil.java:55) [org.eclipse.egit.core_5.4.0.201906121030-r.jar:na]
	at org.eclipse.core.internal.jobs.Worker.run(Worker.java:63) [org.eclipse.core.jobs_3.10.400.v20190506-1457.jar:na]
>>>>>>> 3146d586e236a8695bde683748aadb66f377fd4e
